6.7800 	WARNING 	We strongly recommend you activate the PTB sound engine in PsychoPy prefs as the preferred audio engine. Its timing is vastly superior. Your prefs are currently set to use ['sounddevice', 'PTB', 'pyo', 'pygame'] (in that order).
14.9317 	WARNING 	User requested fullscreen with size [1024  768], but screen is actually [1680, 1050]. Using actual size
17.6679 	WARNING 	Couldn't measure a consistent frame rate!
  - Is your graphics card set to sync to vertical blank?
  - Are you running other processes on your computer?

17.6717 	EXP 	Created window1 = Window(allowGUI=True, allowStencil=False, autoLog=True, backendConf=UNKNOWN, bitsMode=UNKNOWN, blendMode='avg', bpc=(8, 8, 8), color=array([0, 0, 0]), colorSpace='rgb', depthBits=8, fullscr=<method-wrapper '__getattribute__' of attributeSetter object at 0x7fa15fb2cc40>, gamma=None, gammaErrorPolicy='raise', lms=UNKNOWN, monitor=<psychopy.monitors.calibTools.Monitor object at 0x7fa12cde2c70>, multiSample=False, name='window1', numSamples=2, pos=[420.0, 262.5], screen=0, size=array([3360, 2100]), stencilBits=0, stereo=False, units='height', useFBO=True, useRetina=True, viewOri=0.0, viewPos=None, viewScale=None, waitBlanking=True, winType='pyglet')
17.6730 	EXP 	window1: mouseVisible = True
17.6747 	EXP 	window1: mouseVisible = False
17.6748 	EXP 	window1: Attempting to measure frame rate of screen (0) ...
17.6748 	EXP 	window1: recordFrameIntervals = False
17.8424 	EXP 	window1: recordFrameIntervals = True
18.0914 	WARNING 	t of last frame was 25.22ms (=1/39)
18.1421 	WARNING 	t of last frame was 20.34ms (=1/49)
18.3250 	WARNING 	t of last frame was 23.65ms (=1/42)
18.5040 	WARNING 	t of last frame was 20.60ms (=1/48)
18.6577 	WARNING 	Multiple dropped frames have occurred - I'll stop bothering you about them!
19.5034 	WARNING 	Couldn't measure a consistent frame rate!
  - Is your graphics card set to sync to vertical blank?
  - Are you running other processes on your computer?

23.6536 	EXP 	Created text = TextStim(__class__=<class 'psychopy.visual.text.TextStim'>, alignHoriz=method-wrapper(...), alignText='center', alignVert=method-wrapper(...), anchorHoriz='center', anchorVert='center', antialias=True, autoDraw=False, autoLog=True, bold=False, color=array([1, 1, 1]), colorSpace='rgb', contrast=1.0, depth=0.0, flipHoriz=False, flipVert=False, font='Open Sans', fontFiles=[], height=0.05, italic=False, languageStyle='LTR', name='text', opacity=1.0, ori=0.0, pos=array([0., 0.]), rgb=UNKNOWN, text='Welcome to the Permanence Rank Ordering Task', units='height', win=Window(...), wrapWidth=1)
23.6812 	EXP 	Created text_2 = TextStim(__class__=<class 'psychopy.visual.text.TextStim'>, alignHoriz=method-wrapper(...), alignText='center', alignVert=method-wrapper(...), anchorHoriz='center', anchorVert='center', antialias=True, autoDraw=False, autoLog=True, bold=False, color=array([1, 1, 1]), colorSpace='rgb', contrast=1.0, depth=0.0, flipHoriz=False, flipVert=False, font='Open Sans', fontFiles=[], height=0.05, italic=False, languageStyle='LTR', name='text_2', opacity=1.0, ori=0.0, pos=array([0., 0.]), rgb=UNKNOWN, text=str(...), units='height', win=Window(...), wrapWidth=1)
23.6887 	EXP 	Created EXIT_text = TextStim(__class__=<class 'psychopy.visual.text.TextStim'>, alignHoriz=method-wrapper(...), alignText='center', alignVert=method-wrapper(...), anchorHoriz='center', anchorVert='center', antialias=True, autoDraw=False, autoLog=True, bold=False, color=array([1, 1, 1]), colorSpace='rgb', contrast=1.0, depth=0.0, flipHoriz=False, flipVert=False, font='Open Sans', fontFiles=[], height=0.05, italic=False, languageStyle='LTR', name='EXIT_text', opacity=1.0, ori=0.0, pos=array([0.  , 0.45]), rgb=UNKNOWN, text=str(...), units='height', win=Window(...), wrapWidth=1)
23.7589 	EXP 	Created image1 = ImageStim(__class__=<class 'psychopy.visual.image.ImageStim'>, anchor=('center', 'center'), autoLog=True, color=array([1, 1, 1]), colorSpace='rgb', contrast=1.0, depth=-2.0, flipHoriz=False, flipVert=False, image='images_RO_Perm/Landmark1.png', interpolate=True, mask=None, maskParams=None, name='image1', opacity=1.0, ori=0.0, pos=array([-0.5,  0.3]), size=array([0.2, 0.2]), texRes=128.0, units='height', win=Window(...))
23.8050 	EXP 	Created image2 = ImageStim(__class__=<class 'psychopy.visual.image.ImageStim'>, anchor=('center', 'center'), autoLog=True, color=array([1, 1, 1]), colorSpace='rgb', contrast=1.0, depth=-4.0, flipHoriz=False, flipVert=False, image='images_RO_Perm/Landmark2.png', interpolate=True, mask=None, maskParams=None, name='image2', opacity=1.0, ori=0.0, pos=array([-0.25,  0.3 ]), size=array([0.2, 0.2]), texRes=128.0, units='height', win=Window(...))
23.8408 	EXP 	Created image3 = ImageStim(__class__=<class 'psychopy.visual.image.ImageStim'>, anchor=('center', 'center'), autoLog=True, color=array([1, 1, 1]), colorSpace='rgb', contrast=1.0, depth=-6.0, flipHoriz=False, flipVert=False, image='images_RO_Perm/Landmark3.png', interpolate=True, mask=None, maskParams=None, name='image3', opacity=1.0, ori=0.0, pos=array([0. , 0.3]), size=array([0.2, 0.2]), texRes=128.0, units='height', win=Window(...))
23.8769 	EXP 	Created image4 = ImageStim(__class__=<class 'psychopy.visual.image.ImageStim'>, anchor=('center', 'center'), autoLog=True, color=array([1, 1, 1]), colorSpace='rgb', contrast=1.0, depth=-8.0, flipHoriz=False, flipVert=False, image='images_RO_Perm/Landmark4.png', interpolate=True, mask=None, maskParams=None, name='image4', opacity=1.0, ori=0.0, pos=array([0.25, 0.3 ]), size=array([0.2, 0.2]), texRes=128.0, units='height', win=Window(...))
23.9131 	EXP 	Created image5 = ImageStim(__class__=<class 'psychopy.visual.image.ImageStim'>, anchor=('center', 'center'), autoLog=True, color=array([1, 1, 1]), colorSpace='rgb', contrast=1.0, depth=-10.0, flipHoriz=False, flipVert=False, image='images_RO_Perm/Landmark5.png', interpolate=True, mask=None, maskParams=None, name='image5', opacity=1.0, ori=0.0, pos=array([0.5, 0.3]), size=array([0.2, 0.2]), texRes=128.0, units='height', win=Window(...))
23.9484 	EXP 	Created image6 = ImageStim(__class__=<class 'psychopy.visual.image.ImageStim'>, anchor=('center', 'center'), autoLog=True, color=array([1, 1, 1]), colorSpace='rgb', contrast=1.0, depth=-12.0, flipHoriz=False, flipVert=False, image='images_RO_Perm/Landmark6.png', interpolate=True, mask=None, maskParams=None, name='image6', opacity=1.0, ori=0.0, pos=array([-0.5,  0. ]), size=array([0.2, 0.2]), texRes=128.0, units='height', win=Window(...))
23.9570 	EXP 	Created image7 = ImageStim(__class__=<class 'psychopy.visual.image.ImageStim'>, anchor=('center', 'center'), autoLog=True, color=array([1, 1, 1]), colorSpace='rgb', contrast=1.0, depth=-14.0, flipHoriz=False, flipVert=False, image=None, interpolate=True, mask=None, maskParams=None, name='image7', opacity=1.0, ori=0.0, pos=array([-0.25,  0.  ]), size=array([0.2, 0.2]), texRes=128.0, units='height', win=Window(...))
23.9934 	EXP 	Created image8 = ImageStim(__class__=<class 'psychopy.visual.image.ImageStim'>, anchor=('center', 'center'), autoLog=True, color=array([1, 1, 1]), colorSpace='rgb', contrast=1.0, depth=-16.0, flipHoriz=False, flipVert=False, image='images_RO_Perm/Landmark8.png', interpolate=True, mask=None, maskParams=None, name='image8', opacity=1.0, ori=0.0, pos=array([0., 0.]), size=array([0.2, 0.2]), texRes=128.0, units='height', win=Window(...))
24.0341 	EXP 	Created image9 = ImageStim(__class__=<class 'psychopy.visual.image.ImageStim'>, anchor=('center', 'center'), autoLog=True, color=array([1, 1, 1]), colorSpace='rgb', contrast=1.0, depth=-18.0, flipHoriz=False, flipVert=False, image='images_RO_Perm/Landmark9.png', interpolate=True, mask=None, maskParams=None, name='image9', opacity=1.0, ori=0.0, pos=array([0.25, 0.  ]), size=array([0.2, 0.2]), texRes=128.0, units='height', win=Window(...))
24.0701 	EXP 	Created image10 = ImageStim(__class__=<class 'psychopy.visual.image.ImageStim'>, anchor=('center', 'center'), autoLog=True, color=array([1, 1, 1]), colorSpace='rgb', contrast=1.0, depth=-20.0, flipHoriz=False, flipVert=False, image='images_RO_Perm/Landmark10.png', interpolate=True, mask=None, maskParams=None, name='image10', opacity=1.0, ori=0.0, pos=array([0.5, 0. ]), size=array([0.2, 0.2]), texRes=128.0, units='height', win=Window(...))
24.1047 	EXP 	Created image11 = ImageStim(__class__=<class 'psychopy.visual.image.ImageStim'>, anchor=('center', 'center'), autoLog=True, color=array([1, 1, 1]), colorSpace='rgb', contrast=1.0, depth=-22.0, flipHoriz=False, flipVert=False, image='images_RO_Perm/Landmark11.png', interpolate=True, mask=None, maskParams=None, name='image11', opacity=1.0, ori=0.0, pos=array([-0.5, -0.3]), size=array([0.2, 0.2]), texRes=128.0, units='height', win=Window(...))
24.1406 	EXP 	Created image12 = ImageStim(__class__=<class 'psychopy.visual.image.ImageStim'>, anchor=('center', 'center'), autoLog=True, color=array([1, 1, 1]), colorSpace='rgb', contrast=1.0, depth=-24.0, flipHoriz=False, flipVert=False, image='images_RO_Perm/Landmark12.png', interpolate=True, mask=None, maskParams=None, name='image12', opacity=1.0, ori=0.0, pos=array([-0.25, -0.3 ]), size=array([0.2, 0.2]), texRes=128.0, units='height', win=Window(...))
24.1767 	EXP 	Created image13 = ImageStim(__class__=<class 'psychopy.visual.image.ImageStim'>, anchor=('center', 'center'), autoLog=True, color=array([1, 1, 1]), colorSpace='rgb', contrast=1.0, depth=-26.0, flipHoriz=False, flipVert=False, image='images_RO_Perm/Landmark13.png', interpolate=True, mask=None, maskParams=None, name='image13', opacity=1.0, ori=0.0, pos=array([ 0. , -0.3]), size=array([0.2, 0.2]), texRes=128.0, units='height', win=Window(...))
24.2141 	EXP 	Created image14 = ImageStim(__class__=<class 'psychopy.visual.image.ImageStim'>, anchor=('center', 'center'), autoLog=True, color=array([1, 1, 1]), colorSpace='rgb', contrast=1.0, depth=-28.0, flipHoriz=False, flipVert=False, image='images_RO_Perm/Landmark14.png', interpolate=True, mask=None, maskParams=None, name='image14', opacity=1.0, ori=0.0, pos=array([ 0.25, -0.3 ]), size=array([0.2, 0.2]), texRes=128.0, units='height', win=Window(...))
24.2284 	EXP 	Created text_3 = TextStim(__class__=<class 'psychopy.visual.text.TextStim'>, alignHoriz=method-wrapper(...), alignText='center', alignVert=method-wrapper(...), anchorHoriz='center', anchorVert='center', antialias=True, autoDraw=False, autoLog=True, bold=False, color=array([1, 1, 1]), colorSpace='rgb', contrast=1.0, depth=0.0, flipHoriz=False, flipVert=False, font='Open Sans', fontFiles=[], height=0.05, italic=False, languageStyle='LTR', name='text_3', opacity=1.0, ori=0.0, pos=array([0., 0.]), rgb=UNKNOWN, text=str(...), units='height', win=Window(...), wrapWidth=1)
24.2541 	EXP 	textbox1: autoLog = True
24.2541 	EXP 	textbox2: autoLog = True
24.2541 	EXP 	textbox3: autoLog = True
24.2541 	EXP 	textbox4: autoLog = True
24.2541 	EXP 	textbox5: autoLog = True
24.2541 	EXP 	textbox6: autoLog = True
24.2541 	EXP 	textbox7: autoLog = True
24.2541 	EXP 	textbox8: autoLog = True
24.2541 	EXP 	textbox9: autoLog = True
24.2541 	EXP 	textbox10: autoLog = True
24.2541 	EXP 	textbox11: autoLog = True
24.2541 	EXP 	textbox12: autoLog = True
24.2541 	EXP 	textbox13: autoLog = True
24.2541 	EXP 	textbox14: autoLog = True
24.2541 	EXP 	text: autoDraw = True
28.2565 	EXP 	text: autoDraw = False
28.2565 	EXP 	text_2: autoDraw = True
36.9640 	DATA 	Keypress: space
37.0018 	EXP 	text_2: autoDraw = False
37.0018 	EXP 	EXIT_text: autoDraw = True
37.0018 	EXP 	image1: autoDraw = True
37.0018 	EXP 	textbox1: autoDraw = True
37.0018 	EXP 	image2: autoDraw = True
37.0018 	EXP 	textbox2: autoDraw = True
37.0018 	EXP 	image3: autoDraw = True
37.0018 	EXP 	textbox3: autoDraw = True
37.0018 	EXP 	image4: autoDraw = True
37.0018 	EXP 	textbox4: autoDraw = True
37.0018 	EXP 	image5: autoDraw = True
37.0018 	EXP 	textbox5: autoDraw = True
37.0018 	EXP 	image6: autoDraw = True
37.0018 	EXP 	textbox6: autoDraw = True
37.0018 	EXP 	image7: autoDraw = True
37.0018 	EXP 	textbox7: autoDraw = True
37.0018 	EXP 	image8: autoDraw = True
37.0018 	EXP 	textbox8: autoDraw = True
37.0018 	EXP 	image9: autoDraw = True
37.0018 	EXP 	textbox9: autoDraw = True
37.0018 	EXP 	image10: autoDraw = True
37.0018 	EXP 	textbox10: autoDraw = True
37.0018 	EXP 	image11: autoDraw = True
37.0018 	EXP 	textbox11: autoDraw = True
37.0018 	EXP 	image12: autoDraw = True
37.0018 	EXP 	textbox12: autoDraw = True
37.0018 	EXP 	image13: autoDraw = True
37.0018 	EXP 	textbox13: autoDraw = True
37.0018 	EXP 	image14: autoDraw = True
37.0018 	EXP 	textbox14: autoDraw = True
40.9414 	DATA 	Keypress: 2
41.8621 	DATA 	Keypress: tab
42.1460 	DATA 	Keypress: 3
42.8236 	DATA 	Keypress: tab
43.2607 	DATA 	Keypress: 1
43.6607 	DATA 	Keypress: tab
44.8852 	DATA 	Keypress: 4
45.8248 	DATA 	Keypress: backspace
46.3015 	DATA 	Keypress: 5
47.0833 	DATA 	Keypress: tab
47.9148 	DATA 	Keypress: 6
49.8472 	DATA 	Keypress: return
49.8839 	EXP 	EXIT_text: autoDraw = False
49.8839 	EXP 	image1: autoDraw = False
49.8839 	EXP 	textbox1: autoDraw = False
49.8839 	EXP 	image2: autoDraw = False
49.8839 	EXP 	textbox2: autoDraw = False
49.8839 	EXP 	image3: autoDraw = False
49.8839 	EXP 	textbox3: autoDraw = False
49.8839 	EXP 	image4: autoDraw = False
49.8839 	EXP 	textbox4: autoDraw = False
49.8839 	EXP 	image5: autoDraw = False
49.8839 	EXP 	textbox5: autoDraw = False
49.8839 	EXP 	image6: autoDraw = False
49.8839 	EXP 	textbox6: autoDraw = False
49.8839 	EXP 	image7: autoDraw = False
49.8839 	EXP 	textbox7: autoDraw = False
49.8839 	EXP 	image8: autoDraw = False
49.8839 	EXP 	textbox8: autoDraw = False
49.8839 	EXP 	image9: autoDraw = False
49.8839 	EXP 	textbox9: autoDraw = False
49.8839 	EXP 	image10: autoDraw = False
49.8839 	EXP 	textbox10: autoDraw = False
49.8839 	EXP 	image11: autoDraw = False
49.8839 	EXP 	textbox11: autoDraw = False
49.8839 	EXP 	image12: autoDraw = False
49.8839 	EXP 	textbox12: autoDraw = False
49.8839 	EXP 	image13: autoDraw = False
49.8839 	EXP 	textbox13: autoDraw = False
49.8839 	EXP 	image14: autoDraw = False
49.8839 	EXP 	textbox14: autoDraw = False
49.8839 	EXP 	text_3: autoDraw = True
53.8843 	EXP 	text_3: autoDraw = False
53.8843 	EXP 	text_3: autoDraw = False
54.4447 	EXP 	window1: mouseVisible = True
